<?xml version="1.0" encoding="UTF-8"?>
<!-- Generated by org.testng.reporters.JUnitXMLReporter -->
<testsuite ignored="0" hostname="LAPTOP-EJRVOG1G" failures="0" tests="6" name="Test" time="20.719" errors="0" timestamp="2025-06-05T21:11:08 IST">
  <testcase classname="testCases.TC003_LoginDDT" name="verify_loginDDT" time="2.981"/>
  <testcase classname="testCases.TC003_LoginDDT" name="verify_loginDDT" time="1.473"/>
  <testcase classname="testCases.TC003_LoginDDT" name="verify_loginDDT" time="2.625"/>
  <testcase classname="testCases.TC003_LoginDDT" name="verify_loginDDT" time="1.911"/>
  <testcase classname="testCases.TC003_LoginDDT" name="verify_loginDDT" time="3.672"/>
  <testcase classname="testCases.TC003_LoginDDT" name="verify_loginDDT" time="1.456"/>
</testsuite> <!-- Test -->
