<?xml version="1.0" encoding="UTF-8"?>
<!-- Generated by org.testng.reporters.JUnitXMLReporter -->
<testsuite ignored="0" hostname="LAPTOP-EJRVOG1G" failures="1" tests="6" name="Test" time="25.222" errors="0" timestamp="2025-05-30T17:39:06 IST">
  <testcase classname="testCases.TC003_LoginDDT" name="verify_loginDDT" time="3.749"/>
  <testcase classname="testCases.TC003_LoginDDT" name="verify_loginDDT" time="1.385"/>
  <testcase classname="testCases.TC003_LoginDDT" name="verify_loginDDT" time="5.067"/>
  <testcase classname="testCases.TC003_LoginDDT" name="verify_loginDDT" time="1.403">
    <failure type="java.lang.AssertionError" message="expected [true] but found [false]">
      <![CDATA[java.lang.AssertionError: expected [true] but found [false]
at testCases.TC003_LoginDDT.verify_loginDDT(TC003_LoginDDT.java:47)
at java.base/java.util.ArrayList.forEach(ArrayList.java:1596)
... Removed 33 stack frames]]>
    </failure>
  </testcase> <!-- verify_loginDDT -->
  <testcase classname="testCases.TC003_LoginDDT" name="verify_loginDDT" time="4.041"/>
  <testcase classname="testCases.TC003_LoginDDT" name="verify_loginDDT" time="1.292"/>
</testsuite> <!-- Test -->
