<?xml version="1.0" encoding="UTF-8"?>
<testng-results ignored="0" total="6" passed="6" failed="0" skipped="0">
  <reporter-output>
  </reporter-output>
  <suite started-at="2025-06-05T21:10:48 IST" name="Suite" finished-at="2025-06-05T21:11:08 IST" duration-ms="20719">
    <groups>
      <group name="Sanity">
        <method signature="TC003_LoginDDT.verify_loginDDT(java.lang.String,java.lang.String,java.lang.String)[pri:0, instance:testCases.TC003_LoginDDT@2f48b3d2]" name="verify_loginDDT" class="testCases.TC003_LoginDDT"/>
      </group> <!-- Sanity -->
      <group name="Regression">
        <method signature="TC003_LoginDDT.verify_loginDDT(java.lang.String,java.lang.String,java.lang.String)[pri:0, instance:testCases.TC003_LoginDDT@2f48b3d2]" name="verify_loginDDT" class="testCases.TC003_LoginDDT"/>
      </group> <!-- Regression -->
    </groups>
    <test started-at="2025-06-05T21:10:48 IST" name="Test" finished-at="2025-06-05T21:11:08 IST" duration-ms="20719">
      <class name="testCases.TC003_LoginDDT">
        <test-method is-config="true" signature="setup(java.lang.String,java.lang.String)[pri:0, instance:testCases.TC003_LoginDDT@2f48b3d2]" started-at="2025-06-05T21:10:48 IST" name="setup" finished-at="2025-06-05T21:10:52 IST" duration-ms="4689" status="PASS">
          <params>
            <param index="0">
              <value>
                <![CDATA[windows]]>
              </value>
            </param>
            <param index="1">
              <value>
                <![CDATA[chrome]]>
              </value>
            </param>
          </params>
          <reporter-output>
          </reporter-output>
        </test-method> <!-- setup -->
        <test-method signature="verify_loginDDT(java.lang.String,java.lang.String,java.lang.String)[pri:0, instance:testCases.TC003_LoginDDT@2f48b3d2]" started-at="2025-06-05T21:10:54 IST" name="verify_loginDDT" data-provider="LoginData" finished-at="2025-06-05T21:10:57 IST" duration-ms="2981" status="PASS">
          <params>
            <param index="0">
              <value>
                <![CDATA[kirankumar1@gmail.com]]>
              </value>
            </param>
            <param index="1">
              <value>
                <![CDATA[abc&12345]]>
              </value>
            </param>
            <param index="2">
              <value>
                <![CDATA[valid]]>
              </value>
            </param>
          </params>
          <reporter-output>
          </reporter-output>
        </test-method> <!-- verify_loginDDT -->
        <test-method signature="verify_loginDDT(java.lang.String,java.lang.String,java.lang.String)[pri:0, instance:testCases.TC003_LoginDDT@2f48b3d2]" started-at="2025-06-05T21:10:57 IST" name="verify_loginDDT" data-provider="LoginData" finished-at="2025-06-05T21:10:58 IST" duration-ms="1473" status="PASS">
          <params>
            <param index="0">
              <value>
                <![CDATA[abc@gmai.com]]>
              </value>
            </param>
            <param index="1">
              <value>
                <![CDATA[abc123]]>
              </value>
            </param>
            <param index="2">
              <value>
                <![CDATA[invalid]]>
              </value>
            </param>
          </params>
          <reporter-output>
          </reporter-output>
        </test-method> <!-- verify_loginDDT -->
        <test-method signature="verify_loginDDT(java.lang.String,java.lang.String,java.lang.String)[pri:0, instance:testCases.TC003_LoginDDT@2f48b3d2]" started-at="2025-06-05T21:10:58 IST" name="verify_loginDDT" data-provider="LoginData" finished-at="2025-06-05T21:11:01 IST" duration-ms="2625" status="PASS">
          <params>
            <param index="0">
              <value>
                <![CDATA[praveeen12@gmail.com]]>
              </value>
            </param>
            <param index="1">
              <value>
                <![CDATA[abc&12345]]>
              </value>
            </param>
            <param index="2">
              <value>
                <![CDATA[valid]]>
              </value>
            </param>
          </params>
          <reporter-output>
          </reporter-output>
        </test-method> <!-- verify_loginDDT -->
        <test-method signature="verify_loginDDT(java.lang.String,java.lang.String,java.lang.String)[pri:0, instance:testCases.TC003_LoginDDT@2f48b3d2]" started-at="2025-06-05T21:11:01 IST" name="verify_loginDDT" data-provider="LoginData" finished-at="2025-06-05T21:11:03 IST" duration-ms="1911" status="PASS">
          <params>
            <param index="0">
              <value>
                <![CDATA[def@gmail.com]]>
              </value>
            </param>
            <param index="1">
              <value>
                <![CDATA[def123]]>
              </value>
            </param>
            <param index="2">
              <value>
                <![CDATA[invalid]]>
              </value>
            </param>
          </params>
          <reporter-output>
          </reporter-output>
        </test-method> <!-- verify_loginDDT -->
        <test-method signature="verify_loginDDT(java.lang.String,java.lang.String,java.lang.String)[pri:0, instance:testCases.TC003_LoginDDT@2f48b3d2]" started-at="2025-06-05T21:11:03 IST" name="verify_loginDDT" data-provider="LoginData" finished-at="2025-06-05T21:11:07 IST" duration-ms="3672" status="PASS">
          <params>
            <param index="0">
              <value>
                <![CDATA[marrykom22@gmail.com]]>
              </value>
            </param>
            <param index="1">
              <value>
                <![CDATA[abc&12345]]>
              </value>
            </param>
            <param index="2">
              <value>
                <![CDATA[valid]]>
              </value>
            </param>
          </params>
          <reporter-output>
          </reporter-output>
        </test-method> <!-- verify_loginDDT -->
        <test-method signature="verify_loginDDT(java.lang.String,java.lang.String,java.lang.String)[pri:0, instance:testCases.TC003_LoginDDT@2f48b3d2]" started-at="2025-06-05T21:11:07 IST" name="verify_loginDDT" data-provider="LoginData" finished-at="2025-06-05T21:11:08 IST" duration-ms="1456" status="PASS">
          <params>
            <param index="0">
              <value>
                <![CDATA[xyz@gmail.com]]>
              </value>
            </param>
            <param index="1">
              <value>
                <![CDATA[xyz123]]>
              </value>
            </param>
            <param index="2">
              <value>
                <![CDATA[invalid]]>
              </value>
            </param>
          </params>
          <reporter-output>
          </reporter-output>
        </test-method> <!-- verify_loginDDT -->
        <test-method is-config="true" signature="tearout()[pri:0, instance:testCases.TC003_LoginDDT@2f48b3d2]" started-at="2025-06-05T21:11:08 IST" name="tearout" finished-at="2025-06-05T21:11:08 IST" duration-ms="369" status="PASS">
          <reporter-output>
          </reporter-output>
        </test-method> <!-- tearout -->
      </class> <!-- testCases.TC003_LoginDDT -->
    </test> <!-- Test -->
  </suite> <!-- Suite -->
</testng-results>
