<?xml version="1.0" encoding="UTF-8"?>
<testng-results ignored="0" total="2" passed="2" failed="0" skipped="0">
  <reporter-output>
  </reporter-output>
  <suite started-at="2025-06-05T21:06:23 IST" name="Suite" finished-at="2025-06-05T21:06:36 IST" duration-ms="12350">
    <groups>
      <group name="Master">
        <method signature="TC001Accountregistration.actualtest()[pri:0, instance:testCases.TC001Accountregistration@5a7005d]" name="actualtest" class="testCases.TC001Accountregistration"/>
      </group> <!-- Master -->
      <group name="Sanity">
        <method signature="TC001login.logintest()[pri:0, instance:testCases.TC001login@7516e4e5]" name="logintest" class="testCases.TC001login"/>
      </group> <!-- Sanity -->
      <group name="Regression">
        <method signature="TC001Accountregistration.actualtest()[pri:0, instance:testCases.TC001Accountregistration@5a7005d]" name="actualtest" class="testCases.TC001Accountregistration"/>
        <method signature="TC001login.logintest()[pri:0, instance:testCases.TC001login@7516e4e5]" name="logintest" class="testCases.TC001login"/>
      </group> <!-- Regression -->
    </groups>
    <test started-at="2025-06-05T21:06:23 IST" name="Test" finished-at="2025-06-05T21:06:36 IST" duration-ms="12350">
      <class name="testCases.TC001login">
        <test-method is-config="true" signature="setup(java.lang.String,java.lang.String)[pri:0, instance:testCases.TC001login@7516e4e5]" started-at="2025-06-05T21:06:30 IST" name="setup" finished-at="2025-06-05T21:06:35 IST" duration-ms="4211" status="PASS">
          <params>
            <param index="0">
              <value>
                <![CDATA[windows]]>
              </value>
            </param>
            <param index="1">
              <value>
                <![CDATA[chrome]]>
              </value>
            </param>
          </params>
          <reporter-output>
          </reporter-output>
        </test-method> <!-- setup -->
        <test-method signature="logintest()[pri:0, instance:testCases.TC001login@7516e4e5]" started-at="2025-06-05T21:06:35 IST" name="logintest" finished-at="2025-06-05T21:06:35 IST" duration-ms="779" status="PASS">
          <reporter-output>
          </reporter-output>
        </test-method> <!-- logintest -->
        <test-method is-config="true" signature="tearout()[pri:0, instance:testCases.TC001login@7516e4e5]" started-at="2025-06-05T21:06:36 IST" name="tearout" finished-at="2025-06-05T21:06:36 IST" duration-ms="247" status="PASS">
          <reporter-output>
          </reporter-output>
        </test-method> <!-- tearout -->
      </class> <!-- testCases.TC001login -->
      <class name="testCases.TC001Accountregistration">
        <test-method is-config="true" signature="setup(java.lang.String,java.lang.String)[pri:0, instance:testCases.TC001Accountregistration@5a7005d]" started-at="2025-06-05T21:06:23 IST" name="setup" finished-at="2025-06-05T21:06:28 IST" duration-ms="4562" status="PASS">
          <params>
            <param index="0">
              <value>
                <![CDATA[windows]]>
              </value>
            </param>
            <param index="1">
              <value>
                <![CDATA[chrome]]>
              </value>
            </param>
          </params>
          <reporter-output>
          </reporter-output>
        </test-method> <!-- setup -->
        <test-method signature="actualtest()[pri:0, instance:testCases.TC001Accountregistration@5a7005d]" started-at="2025-06-05T21:06:28 IST" name="actualtest" finished-at="2025-06-05T21:06:30 IST" duration-ms="2334" status="PASS">
          <reporter-output>
          </reporter-output>
        </test-method> <!-- actualtest -->
        <test-method is-config="true" signature="tearout()[pri:0, instance:testCases.TC001Accountregistration@5a7005d]" started-at="2025-06-05T21:06:30 IST" name="tearout" finished-at="2025-06-05T21:06:30 IST" duration-ms="158" status="PASS">
          <reporter-output>
          </reporter-output>
        </test-method> <!-- tearout -->
      </class> <!-- testCases.TC001Accountregistration -->
    </test> <!-- Test -->
  </suite> <!-- Suite -->
</testng-results>
